<?xml version="1.0" encoding="utf-8"?><testsuites><testsuite name="pytest" errors="0" failures="0" skipped="0" tests="47" time="682.493" timestamp="2023-05-29T19:05:18.553993" hostname="ee78c5e026f0"><testcase classname="test.unit.test_control.TestLQR" name="test_constructor" time="0.001" /><testcase classname="test.unit.test_control.TestLQR" name="test_set_cost" time="0.001" /><testcase classname="test.unit.test_control.TestLQR" name="test_set_state" time="0.001" /><testcase classname="test.unit.test_control.TestELQR" name="test_constructor" time="0.001" /><testcase classname="test.unit.test_control.TestELQR" name="test_set_cost" time="0.001" /><testcase classname="test.unit.test_control.TestELQR" name="test_set_state_lin" time="0.001" /><testcase classname="test.unit.test_control.TestELQR" name="test_set_state_nonlin" time="0.000" /><testcase classname="test.unit.test_dynamics" name="test_double_integrator_mat" time="0.001" /><testcase classname="test.unit.test_dynamics" name="test_double_integrator_prop" time="0.008" /><testcase classname="test.unit.test_dynamics" name="test_double_integrator_control" time="0.016" /><testcase classname="test.unit.test_math.TestJacobianFunctions" name="test_get_jacobian" time="0.001" /><testcase classname="test.unit.test_math.TestJacobianFunctions" name="test_get_state_jacobian" time="0.001" /><testcase classname="test.unit.test_math.TestJacobianFunctions" name="test_get_input_jacobian" time="0.001" /><testcase classname="test.unit.test_math" name="test_get_hessian" time="0.001" /><testcase classname="test.unit.test_math" name="test_get_elem_sym_fnc" time="0.001" /><testcase classname="test.validation.test_control" name="test_lqr_lin_inf_hor" time="0.005" /><testcase classname="test.validation.test_control" name="test_lqr_lin_finite_hor" time="0.006" /><testcase classname="test.validation.test_control" name="test_lqr_nonlin_finite_hor" time="0.007" /><testcase classname="test.validation.test_control" name="test_elqr_non_lin" time="102.876" /><testcase classname="test.validation.test_data_fusion" name="test_GCI_meas_fusion" time="2.111" /><testcase classname="test.validation.test_filters" name="test_KF_dynObj" time="0.301" /><testcase classname="test.validation.test_filters" name="test_KF_mat" time="0.283" /><testcase classname="test.validation.test_filters" name="test_EKF_dynObj" time="0.445" /><testcase classname="test.validation.test_filters" name="test_STF_dynObj" time="0.294" /><testcase classname="test.validation.test_filters" name="test_UKF_dynObj" time="0.544" /><testcase classname="test.validation.test_filters" name="test_PF_dyn_fnc" time="11.141" /><testcase classname="test.validation.test_filters" name="test_UPF_dyn_fnc" time="3.269" /><testcase classname="test.validation.test_filters" name="test_UPF_dynObj" time="164.040" /><testcase classname="test.validation.test_filters" name="test_MCMC_UPF_dyn_fnc" time="1.646" /><testcase classname="test.validation.test_filters" name="test_MCMC_UPF_dynObj" time="95.729" /><testcase classname="test.validation.test_filters" name="test_max_corr_ent_UKF_dynObj" time="0.685" /><testcase classname="test.validation.test_filters" name="test_MCUPF_dyn_fnc" time="0.593" /><testcase classname="test.validation.test_filters" name="test_MCMC_MCUPF_dyn_fnc" time="0.297" /><testcase classname="test.validation.test_filters" name="test_QKF_dynObj" time="23.715" /><testcase classname="test.validation.test_filters" name="test_SQKF_dynObj" time="35.656" /><testcase classname="test.validation.test_filters" name="test_QKF_GSM_bootstrap" time="5.091" /><testcase classname="test.validation.test_filters" name="test_QKF_GSM_gsm" time="4.162" /><testcase classname="test.validation.test_filters" name="test_QKF_GSM_gsm_proc_est" time="4.771" /><testcase classname="test.validation.test_filters" name="test_SQKF_GSM_bootstrap" time="6.368" /><testcase classname="test.validation.test_filters" name="test_UKF_GSM_bootstrap" time="2.583" /><testcase classname="test.validation.test_filters" name="test_EKF_GSM_gsm" time="2.675" /><testcase classname="test.validation.test_filters" name="test_GCI_KF_dynObj" time="1.744" /><testcase classname="test.validation.test_filters" name="test_GCI_EKF_dynObj" time="2.016" /><testcase classname="test.validation.test_filters" name="test_IMM_dynObj" time="0.750" /><testcase classname="test.validation.test_filters" name="test_GCI_IMM_dynObj" time="12.316" /><testcase classname="test.validation.test_rrt" name="test_lin_lqrrrtstar" time="1.309" /><testcase classname="test.validation.test_rrt" name="test_elqrrrtstar" time="192.976" /></testsuite></testsuites>