<?xml version="1.0" encoding="utf-8"?><testsuites><testsuite name="pytest" errors="0" failures="0" skipped="0" tests="54" time="618.040" timestamp="2024-07-09T03:58:21.311853" hostname="b7d0ccdafecf"><testcase classname="test.unit.test_control.TestLQR" name="test_constructor" time="0.001" /><testcase classname="test.unit.test_control.TestLQR" name="test_set_cost" time="0.001" /><testcase classname="test.unit.test_control.TestLQR" name="test_set_state" time="0.000" /><testcase classname="test.unit.test_control.TestELQR" name="test_constructor" time="0.000" /><testcase classname="test.unit.test_control.TestELQR" name="test_set_cost" time="0.001" /><testcase classname="test.unit.test_control.TestELQR" name="test_set_state_lin" time="0.000" /><testcase classname="test.unit.test_control.TestELQR" name="test_set_state_nonlin" time="0.000" /><testcase classname="test.unit.test_dynamics" name="test_double_integrator_mat" time="0.001" /><testcase classname="test.unit.test_dynamics" name="test_double_integrator_prop" time="0.006" /><testcase classname="test.unit.test_dynamics" name="test_double_integrator_control" time="0.010" /><testcase classname="test.unit.test_dynamics" name="test_clohessy_wiltshire2d_mat" time="0.001" /><testcase classname="test.unit.test_dynamics" name="test_clohessy_wiltshire2d_prop" time="0.001" /><testcase classname="test.unit.test_dynamics" name="test_clohessy_wiltshire2d_control" time="0.011" /><testcase classname="test.unit.test_dynamics" name="test_clohessy_wiltshire_mat" time="0.001" /><testcase classname="test.unit.test_dynamics" name="test_clohessy_wiltshire_prop" time="0.001" /><testcase classname="test.unit.test_dynamics" name="test_clohessy_wiltshire_control" time="0.011" /><testcase classname="test.unit.test_math.TestJacobianFunctions" name="test_get_jacobian" time="0.001" /><testcase classname="test.unit.test_math.TestJacobianFunctions" name="test_get_state_jacobian" time="0.001" /><testcase classname="test.unit.test_math.TestJacobianFunctions" name="test_get_input_jacobian" time="0.001" /><testcase classname="test.unit.test_math" name="test_get_hessian" time="0.001" /><testcase classname="test.unit.test_math" name="test_get_elem_sym_fnc" time="0.001" /><testcase classname="test.validation.test_control" name="test_lqr_lin_inf_hor" time="0.005" /><testcase classname="test.validation.test_control" name="test_lqr_lin_finite_hor" time="0.001" /><testcase classname="test.validation.test_control" name="test_lqr_nonlin_finite_hor" time="0.008" /><testcase classname="test.validation.test_control" name="test_elqr_non_lin" time="83.889" /><testcase classname="test.validation.test_data_fusion" name="test_GCI_meas_fusion" time="1.579" /><testcase classname="test.validation.test_filters" name="test_KF_dynObj" time="0.050" /><testcase classname="test.validation.test_filters" name="test_KF_mat" time="0.218" /><testcase classname="test.validation.test_filters" name="test_EKF_dynObj" time="0.337" /><testcase classname="test.validation.test_filters" name="test_EKF_cpp_dynObj" time="0.036" /><testcase classname="test.validation.test_filters" name="test_STF_dynObj" time="0.220" /><testcase classname="test.validation.test_filters" name="test_UKF_dynObj" time="0.405" /><testcase classname="test.validation.test_filters" name="test_PF_dyn_fnc" time="8.352" /><testcase classname="test.validation.test_filters" name="test_UPF_dyn_fnc" time="2.520" /><testcase classname="test.validation.test_filters" name="test_UPF_dynObj" time="122.567" /><testcase classname="test.validation.test_filters" name="test_MCMC_UPF_dyn_fnc" time="1.293" /><testcase classname="test.validation.test_filters" name="test_MCMC_UPF_dynObj" time="72.400" /><testcase classname="test.validation.test_filters" name="test_max_corr_ent_UKF_dynObj" time="0.529" /><testcase classname="test.validation.test_filters" name="test_MCUPF_dyn_fnc" time="0.443" /><testcase classname="test.validation.test_filters" name="test_MCMC_MCUPF_dyn_fnc" time="0.222" /><testcase classname="test.validation.test_filters" name="test_QKF_dynObj" time="19.046" /><testcase classname="test.validation.test_filters" name="test_SQKF_dynObj" time="110.038" /><testcase classname="test.validation.test_filters" name="test_QKF_GSM_bootstrap" time="3.997" /><testcase classname="test.validation.test_filters" name="test_QKF_GSM_gsm" time="3.324" /><testcase classname="test.validation.test_filters" name="test_QKF_GSM_gsm_proc_est" time="3.783" /><testcase classname="test.validation.test_filters" name="test_SQKF_GSM_bootstrap" time="12.896" /><testcase classname="test.validation.test_filters" name="test_UKF_GSM_bootstrap" time="1.997" /><testcase classname="test.validation.test_filters" name="test_EKF_GSM_gsm" time="2.021" /><testcase classname="test.validation.test_filters" name="test_GCI_KF_dynObj" time="1.456" /><testcase classname="test.validation.test_filters" name="test_GCI_EKF_dynObj" time="1.597" /><testcase classname="test.validation.test_filters" name="test_IMM_dynObj" time="0.568" /><testcase classname="test.validation.test_filters" name="test_GCI_IMM_dynObj" time="6.730" /><testcase classname="test.validation.test_rrt" name="test_lin_lqrrrtstar" time="1.264" /><testcase classname="test.validation.test_rrt" name="test_elqrrrtstar" time="152.394" /></testsuite></testsuites>