<?xml version="1.0" encoding="utf-8"?><testsuites><testsuite name="pytest" errors="0" failures="0" skipped="0" tests="54" time="618.032" timestamp="2024-07-10T14:25:37.609452" hostname="10b98f6120f3"><testcase classname="test.unit.test_control.TestLQR" name="test_constructor" time="0.001" /><testcase classname="test.unit.test_control.TestLQR" name="test_set_cost" time="0.001" /><testcase classname="test.unit.test_control.TestLQR" name="test_set_state" time="0.001" /><testcase classname="test.unit.test_control.TestELQR" name="test_constructor" time="0.000" /><testcase classname="test.unit.test_control.TestELQR" name="test_set_cost" time="0.001" /><testcase classname="test.unit.test_control.TestELQR" name="test_set_state_lin" time="0.000" /><testcase classname="test.unit.test_control.TestELQR" name="test_set_state_nonlin" time="0.000" /><testcase classname="test.unit.test_dynamics" name="test_double_integrator_mat" time="0.001" /><testcase classname="test.unit.test_dynamics" name="test_double_integrator_prop" time="0.006" /><testcase classname="test.unit.test_dynamics" name="test_double_integrator_control" time="0.010" /><testcase classname="test.unit.test_dynamics" name="test_clohessy_wiltshire2d_mat" time="0.001" /><testcase classname="test.unit.test_dynamics" name="test_clohessy_wiltshire2d_prop" time="0.001" /><testcase classname="test.unit.test_dynamics" name="test_clohessy_wiltshire2d_control" time="0.011" /><testcase classname="test.unit.test_dynamics" name="test_clohessy_wiltshire_mat" time="0.001" /><testcase classname="test.unit.test_dynamics" name="test_clohessy_wiltshire_prop" time="0.001" /><testcase classname="test.unit.test_dynamics" name="test_clohessy_wiltshire_control" time="0.011" /><testcase classname="test.unit.test_math.TestJacobianFunctions" name="test_get_jacobian" time="0.001" /><testcase classname="test.unit.test_math.TestJacobianFunctions" name="test_get_state_jacobian" time="0.001" /><testcase classname="test.unit.test_math.TestJacobianFunctions" name="test_get_input_jacobian" time="0.001" /><testcase classname="test.unit.test_math" name="test_get_hessian" time="0.001" /><testcase classname="test.unit.test_math" name="test_get_elem_sym_fnc" time="0.001" /><testcase classname="test.validation.test_control" name="test_lqr_lin_inf_hor" time="0.005" /><testcase classname="test.validation.test_control" name="test_lqr_lin_finite_hor" time="0.001" /><testcase classname="test.validation.test_control" name="test_lqr_nonlin_finite_hor" time="0.008" /><testcase classname="test.validation.test_control" name="test_elqr_non_lin" time="83.327" /><testcase classname="test.validation.test_data_fusion" name="test_GCI_meas_fusion" time="1.563" /><testcase classname="test.validation.test_filters" name="test_KF_dynObj" time="0.049" /><testcase classname="test.validation.test_filters" name="test_KF_mat" time="0.219" /><testcase classname="test.validation.test_filters" name="test_EKF_dynObj" time="0.342" /><testcase classname="test.validation.test_filters" name="test_EKF_cpp_dynObj" time="0.037" /><testcase classname="test.validation.test_filters" name="test_STF_dynObj" time="0.221" /><testcase classname="test.validation.test_filters" name="test_UKF_dynObj" time="0.408" /><testcase classname="test.validation.test_filters" name="test_PF_dyn_fnc" time="8.253" /><testcase classname="test.validation.test_filters" name="test_UPF_dyn_fnc" time="2.567" /><testcase classname="test.validation.test_filters" name="test_UPF_dynObj" time="123.400" /><testcase classname="test.validation.test_filters" name="test_MCMC_UPF_dyn_fnc" time="1.305" /><testcase classname="test.validation.test_filters" name="test_MCMC_UPF_dynObj" time="73.012" /><testcase classname="test.validation.test_filters" name="test_max_corr_ent_UKF_dynObj" time="0.533" /><testcase classname="test.validation.test_filters" name="test_MCUPF_dyn_fnc" time="0.445" /><testcase classname="test.validation.test_filters" name="test_MCMC_MCUPF_dyn_fnc" time="0.226" /><testcase classname="test.validation.test_filters" name="test_QKF_dynObj" time="19.300" /><testcase classname="test.validation.test_filters" name="test_SQKF_dynObj" time="105.915" /><testcase classname="test.validation.test_filters" name="test_QKF_GSM_bootstrap" time="4.071" /><testcase classname="test.validation.test_filters" name="test_QKF_GSM_gsm" time="3.396" /><testcase classname="test.validation.test_filters" name="test_QKF_GSM_gsm_proc_est" time="3.800" /><testcase classname="test.validation.test_filters" name="test_SQKF_GSM_bootstrap" time="13.858" /><testcase classname="test.validation.test_filters" name="test_UKF_GSM_bootstrap" time="1.985" /><testcase classname="test.validation.test_filters" name="test_EKF_GSM_gsm" time="1.995" /><testcase classname="test.validation.test_filters" name="test_GCI_KF_dynObj" time="1.442" /><testcase classname="test.validation.test_filters" name="test_GCI_EKF_dynObj" time="1.604" /><testcase classname="test.validation.test_filters" name="test_IMM_dynObj" time="0.575" /><testcase classname="test.validation.test_filters" name="test_GCI_IMM_dynObj" time="6.710" /><testcase classname="test.validation.test_rrt" name="test_lin_lqrrrtstar" time="1.281" /><testcase classname="test.validation.test_rrt" name="test_elqrrrtstar" time="154.308" /></testsuite></testsuites>