<?xml version="1.0" encoding="utf-8"?><testsuites><testsuite name="pytest" errors="0" failures="0" skipped="0" tests="54" time="632.139" timestamp="2024-07-09T02:45:43.997939" hostname="2b1cb6b1262f"><testcase classname="test.unit.test_control.TestLQR" name="test_constructor" time="0.001" /><testcase classname="test.unit.test_control.TestLQR" name="test_set_cost" time="0.001" /><testcase classname="test.unit.test_control.TestLQR" name="test_set_state" time="0.000" /><testcase classname="test.unit.test_control.TestELQR" name="test_constructor" time="0.000" /><testcase classname="test.unit.test_control.TestELQR" name="test_set_cost" time="0.001" /><testcase classname="test.unit.test_control.TestELQR" name="test_set_state_lin" time="0.000" /><testcase classname="test.unit.test_control.TestELQR" name="test_set_state_nonlin" time="0.000" /><testcase classname="test.unit.test_dynamics" name="test_double_integrator_mat" time="0.001" /><testcase classname="test.unit.test_dynamics" name="test_double_integrator_prop" time="0.006" /><testcase classname="test.unit.test_dynamics" name="test_double_integrator_control" time="0.011" /><testcase classname="test.unit.test_dynamics" name="test_clohessy_wiltshire2d_mat" time="0.001" /><testcase classname="test.unit.test_dynamics" name="test_clohessy_wiltshire2d_prop" time="0.001" /><testcase classname="test.unit.test_dynamics" name="test_clohessy_wiltshire2d_control" time="0.011" /><testcase classname="test.unit.test_dynamics" name="test_clohessy_wiltshire_mat" time="0.001" /><testcase classname="test.unit.test_dynamics" name="test_clohessy_wiltshire_prop" time="0.001" /><testcase classname="test.unit.test_dynamics" name="test_clohessy_wiltshire_control" time="0.011" /><testcase classname="test.unit.test_math.TestJacobianFunctions" name="test_get_jacobian" time="0.001" /><testcase classname="test.unit.test_math.TestJacobianFunctions" name="test_get_state_jacobian" time="0.001" /><testcase classname="test.unit.test_math.TestJacobianFunctions" name="test_get_input_jacobian" time="0.001" /><testcase classname="test.unit.test_math" name="test_get_hessian" time="0.001" /><testcase classname="test.unit.test_math" name="test_get_elem_sym_fnc" time="0.001" /><testcase classname="test.validation.test_control" name="test_lqr_lin_inf_hor" time="0.005" /><testcase classname="test.validation.test_control" name="test_lqr_lin_finite_hor" time="0.001" /><testcase classname="test.validation.test_control" name="test_lqr_nonlin_finite_hor" time="0.009" /><testcase classname="test.validation.test_control" name="test_elqr_non_lin" time="84.001" /><testcase classname="test.validation.test_data_fusion" name="test_GCI_meas_fusion" time="1.600" /><testcase classname="test.validation.test_filters" name="test_KF_dynObj" time="0.051" /><testcase classname="test.validation.test_filters" name="test_KF_mat" time="0.223" /><testcase classname="test.validation.test_filters" name="test_EKF_dynObj" time="0.346" /><testcase classname="test.validation.test_filters" name="test_EKF_cpp_dynObj" time="0.038" /><testcase classname="test.validation.test_filters" name="test_STF_dynObj" time="0.224" /><testcase classname="test.validation.test_filters" name="test_UKF_dynObj" time="0.411" /><testcase classname="test.validation.test_filters" name="test_PF_dyn_fnc" time="8.378" /><testcase classname="test.validation.test_filters" name="test_UPF_dyn_fnc" time="2.599" /><testcase classname="test.validation.test_filters" name="test_UPF_dynObj" time="125.769" /><testcase classname="test.validation.test_filters" name="test_MCMC_UPF_dyn_fnc" time="1.321" /><testcase classname="test.validation.test_filters" name="test_MCMC_UPF_dynObj" time="74.296" /><testcase classname="test.validation.test_filters" name="test_max_corr_ent_UKF_dynObj" time="0.541" /><testcase classname="test.validation.test_filters" name="test_MCUPF_dyn_fnc" time="0.451" /><testcase classname="test.validation.test_filters" name="test_MCMC_MCUPF_dyn_fnc" time="0.231" /><testcase classname="test.validation.test_filters" name="test_QKF_dynObj" time="19.372" /><testcase classname="test.validation.test_filters" name="test_SQKF_dynObj" time="112.369" /><testcase classname="test.validation.test_filters" name="test_QKF_GSM_bootstrap" time="4.096" /><testcase classname="test.validation.test_filters" name="test_QKF_GSM_gsm" time="3.375" /><testcase classname="test.validation.test_filters" name="test_QKF_GSM_gsm_proc_est" time="3.842" /><testcase classname="test.validation.test_filters" name="test_SQKF_GSM_bootstrap" time="13.261" /><testcase classname="test.validation.test_filters" name="test_UKF_GSM_bootstrap" time="2.020" /><testcase classname="test.validation.test_filters" name="test_EKF_GSM_gsm" time="2.072" /><testcase classname="test.validation.test_filters" name="test_GCI_KF_dynObj" time="1.456" /><testcase classname="test.validation.test_filters" name="test_GCI_EKF_dynObj" time="1.626" /><testcase classname="test.validation.test_filters" name="test_IMM_dynObj" time="0.582" /><testcase classname="test.validation.test_filters" name="test_GCI_IMM_dynObj" time="6.778" /><testcase classname="test.validation.test_rrt" name="test_lin_lqrrrtstar" time="1.303" /><testcase classname="test.validation.test_rrt" name="test_elqrrrtstar" time="157.646" /></testsuite></testsuites>