<?xml version="1.0" encoding="utf-8"?><testsuites><testsuite name="pytest" errors="0" failures="0" skipped="0" tests="47" time="836.097" timestamp="2023-05-28T12:48:28.625200" hostname="bde06dc8a6c5"><testcase classname="test.unit.test_control.TestLQR" name="test_constructor" time="0.001" /><testcase classname="test.unit.test_control.TestLQR" name="test_set_cost" time="0.001" /><testcase classname="test.unit.test_control.TestLQR" name="test_set_state" time="0.001" /><testcase classname="test.unit.test_control.TestELQR" name="test_constructor" time="0.001" /><testcase classname="test.unit.test_control.TestELQR" name="test_set_cost" time="0.001" /><testcase classname="test.unit.test_control.TestELQR" name="test_set_state_lin" time="0.001" /><testcase classname="test.unit.test_control.TestELQR" name="test_set_state_nonlin" time="0.001" /><testcase classname="test.unit.test_dynamics" name="test_double_integrator_mat" time="0.001" /><testcase classname="test.unit.test_dynamics" name="test_double_integrator_prop" time="0.009" /><testcase classname="test.unit.test_dynamics" name="test_double_integrator_control" time="0.019" /><testcase classname="test.unit.test_math.TestJacobianFunctions" name="test_get_jacobian" time="0.001" /><testcase classname="test.unit.test_math.TestJacobianFunctions" name="test_get_state_jacobian" time="0.001" /><testcase classname="test.unit.test_math.TestJacobianFunctions" name="test_get_input_jacobian" time="0.001" /><testcase classname="test.unit.test_math" name="test_get_hessian" time="0.001" /><testcase classname="test.unit.test_math" name="test_get_elem_sym_fnc" time="0.001" /><testcase classname="test.validation.test_control" name="test_lqr_lin_inf_hor" time="0.007" /><testcase classname="test.validation.test_control" name="test_lqr_lin_finite_hor" time="0.004" /><testcase classname="test.validation.test_control" name="test_lqr_nonlin_finite_hor" time="0.009" /><testcase classname="test.validation.test_control" name="test_elqr_non_lin" time="124.524" /><testcase classname="test.validation.test_data_fusion" name="test_GCI_meas_fusion" time="2.503" /><testcase classname="test.validation.test_filters" name="test_KF_dynObj" time="0.356" /><testcase classname="test.validation.test_filters" name="test_KF_mat" time="0.357" /><testcase classname="test.validation.test_filters" name="test_EKF_dynObj" time="0.529" /><testcase classname="test.validation.test_filters" name="test_STF_dynObj" time="0.349" /><testcase classname="test.validation.test_filters" name="test_UKF_dynObj" time="0.652" /><testcase classname="test.validation.test_filters" name="test_PF_dyn_fnc" time="13.222" /><testcase classname="test.validation.test_filters" name="test_UPF_dyn_fnc" time="3.977" /><testcase classname="test.validation.test_filters" name="test_UPF_dynObj" time="198.737" /><testcase classname="test.validation.test_filters" name="test_MCMC_UPF_dyn_fnc" time="2.000" /><testcase classname="test.validation.test_filters" name="test_MCMC_UPF_dynObj" time="117.759" /><testcase classname="test.validation.test_filters" name="test_max_corr_ent_UKF_dynObj" time="0.926" /><testcase classname="test.validation.test_filters" name="test_MCUPF_dyn_fnc" time="0.716" /><testcase classname="test.validation.test_filters" name="test_MCMC_MCUPF_dyn_fnc" time="0.364" /><testcase classname="test.validation.test_filters" name="test_QKF_dynObj" time="30.557" /><testcase classname="test.validation.test_filters" name="test_SQKF_dynObj" time="46.611" /><testcase classname="test.validation.test_filters" name="test_QKF_GSM_bootstrap" time="6.379" /><testcase classname="test.validation.test_filters" name="test_QKF_GSM_gsm" time="5.306" /><testcase classname="test.validation.test_filters" name="test_QKF_GSM_gsm_proc_est" time="6.011" /><testcase classname="test.validation.test_filters" name="test_SQKF_GSM_bootstrap" time="8.473" /><testcase classname="test.validation.test_filters" name="test_UKF_GSM_bootstrap" time="3.095" /><testcase classname="test.validation.test_filters" name="test_EKF_GSM_gsm" time="3.202" /><testcase classname="test.validation.test_filters" name="test_GCI_KF_dynObj" time="2.119" /><testcase classname="test.validation.test_filters" name="test_GCI_EKF_dynObj" time="2.456" /><testcase classname="test.validation.test_filters" name="test_IMM_dynObj" time="0.944" /><testcase classname="test.validation.test_filters" name="test_GCI_IMM_dynObj" time="14.934" /><testcase classname="test.validation.test_rrt" name="test_lin_lqrrrtstar" time="1.598" /><testcase classname="test.validation.test_rrt" name="test_elqrrrtstar" time="234.954" /></testsuite></testsuites>