<?xml version="1.0" encoding="utf-8"?><testsuites name="pytest tests"><testsuite name="pytest" errors="0" failures="0" skipped="0" tests="56" time="698.624" timestamp="2025-09-28T15:13:46.221550+00:00" hostname="4966cacc1dee"><testcase classname="test.unit.test_control.TestLQR" name="test_constructor" time="0.001" /><testcase classname="test.unit.test_control.TestLQR" name="test_set_cost" time="0.001" /><testcase classname="test.unit.test_control.TestLQR" name="test_set_state" time="0.000" /><testcase classname="test.unit.test_control.TestELQR" name="test_constructor" time="0.000" /><testcase classname="test.unit.test_control.TestELQR" name="test_set_cost" time="0.001" /><testcase classname="test.unit.test_control.TestELQR" name="test_set_state_lin" time="0.000" /><testcase classname="test.unit.test_control.TestELQR" name="test_set_state_nonlin" time="0.000" /><testcase classname="test.unit.test_dynamics" name="test_double_integrator_mat" time="0.001" /><testcase classname="test.unit.test_dynamics" name="test_double_integrator_prop" time="0.006" /><testcase classname="test.unit.test_dynamics" name="test_double_integrator_control" time="0.011" /><testcase classname="test.unit.test_dynamics" name="test_clohessy_wiltshire2d_mat" time="0.001" /><testcase classname="test.unit.test_dynamics" name="test_clohessy_wiltshire2d_prop" time="0.001" /><testcase classname="test.unit.test_dynamics" name="test_clohessy_wiltshire2d_control" time="0.011" /><testcase classname="test.unit.test_dynamics" name="test_clohessy_wiltshire_mat" time="0.001" /><testcase classname="test.unit.test_dynamics" name="test_clohessy_wiltshire_prop" time="0.001" /><testcase classname="test.unit.test_dynamics" name="test_clohessy_wiltshire_control" time="0.011" /><testcase classname="test.unit.test_math.TestJacobianFunctions" name="test_get_jacobian" time="0.001" /><testcase classname="test.unit.test_math.TestJacobianFunctions" name="test_get_state_jacobian" time="0.001" /><testcase classname="test.unit.test_math.TestJacobianFunctions" name="test_get_input_jacobian" time="0.001" /><testcase classname="test.unit.test_math" name="test_get_hessian" time="0.001" /><testcase classname="test.unit.test_math" name="test_get_elem_sym_fnc" time="0.001" /><testcase classname="test.validation.test_control" name="test_lqr_lin_inf_hor" time="0.005" /><testcase classname="test.validation.test_control" name="test_lqr_lin_finite_hor" time="0.002" /><testcase classname="test.validation.test_control" name="test_lqr_nonlin_finite_hor" time="0.009" /><testcase classname="test.validation.test_control" name="test_elqr_non_lin" time="85.001" /><testcase classname="test.validation.test_data_fusion" name="test_GCI_meas_fusion" time="1.626" /><testcase classname="test.validation.test_filters" name="test_KF_dynObj" time="0.051" /><testcase classname="test.validation.test_filters" name="test_KF_mat" time="0.226" /><testcase classname="test.validation.test_filters" name="test_EKF_ode_lst" time="0.485" /><testcase classname="test.validation.test_filters" name="test_EKF_dynObj" time="0.353" /><testcase classname="test.validation.test_filters" name="test_EKF_cpp_dynObj" time="0.038" /><testcase classname="test.validation.test_filters" name="test_STF_dynObj" time="0.227" /><testcase classname="test.validation.test_filters" name="test_UKF_dynObj" time="0.415" /><testcase classname="test.validation.test_filters" name="test_PF_dyn_fnc" time="8.555" /><testcase classname="test.validation.test_filters" name="test_UPF_dyn_fnc" time="2.574" /><testcase classname="test.validation.test_filters" name="test_UPF_dynObj" time="125.196" /><testcase classname="test.validation.test_filters" name="test_MCMC_UPF_dyn_fnc" time="1.315" /><testcase classname="test.validation.test_filters" name="test_MCMC_UPF_dynObj" time="74.025" /><testcase classname="test.validation.test_filters" name="test_max_corr_ent_UKF_dynObj" time="0.541" /><testcase classname="test.validation.test_filters" name="test_MCUPF_dyn_fnc" time="0.449" /><testcase classname="test.validation.test_filters" name="test_MCMC_MCUPF_dyn_fnc" time="0.230" /><testcase classname="test.validation.test_filters" name="test_QKF_dynObj" time="19.159" /><testcase classname="test.validation.test_filters" name="test_SQKF_dynObj" time="73.051" /><testcase classname="test.validation.test_filters" name="test_QKF_GSM_bootstrap" time="4.134" /><testcase classname="test.validation.test_filters" name="test_QKF_GSM_gsm" time="3.397" /><testcase classname="test.validation.test_filters" name="test_QKF_GSM_gsm_proc_est" time="3.871" /><testcase classname="test.validation.test_filters" name="test_SQKF_GSM_bootstrap" time="9.324" /><testcase classname="test.validation.test_filters" name="test_UKF_GSM_bootstrap" time="2.073" /><testcase classname="test.validation.test_filters" name="test_EKF_GSM_gsm" time="2.075" /><testcase classname="test.validation.test_filters" name="test_GCI_KF_dynObj" time="1.473" /><testcase classname="test.validation.test_filters" name="test_GCI_EKF_dynObj" time="1.636" /><testcase classname="test.validation.test_filters" name="test_IMM_dynObj" time="0.593" /><testcase classname="test.validation.test_filters" name="test_IMM_dynObj_spacecraft" time="109.912" /><testcase classname="test.validation.test_filters" name="test_GCI_IMM_dynObj" time="6.876" /><testcase classname="test.validation.test_rrt" name="test_lin_lqrrrtstar" time="1.333" /><testcase classname="test.validation.test_rrt" name="test_elqrrrtstar" time="156.519" /></testsuite></testsuites>